<?xml version="1.0" encoding="UTF-8"?>
<!-- Generated by org.testng.reporters.JUnitReportReporter -->
<testsuite hostname="LAPTOP-0RI4EB5H" failures="0" tests="5" name="testCases.TC_Login_DDT_002" time="19.044" errors="0" timestamp="2024-01-12T23:51:03 IST" skipped="0">
  <testcase classname="testCases.TC_Login_DDT_002" name="loginTest" time="2.645"/>
  <testcase classname="testCases.TC_Login_DDT_002" name="loginTest" time="4.728"/>
  <testcase classname="testCases.TC_Login_DDT_002" name="loginTest" time="3.671"/>
  <testcase classname="testCases.TC_Login_DDT_002" name="loginTest" time="2.334"/>
  <testcase classname="testCases.TC_Login_DDT_002" name="loginTest" time="5.666"/>
</testsuite> <!-- testCases.TC_Login_DDT_002 -->
